<?xml version="1.0" encoding="UTF-8"?>
<!-- Generated by org.testng.reporters.JUnitReportReporter -->
<testsuite skipped="0" hostname="hp-PC" name="qaclickacademy.AppiumTest" tests="2" failures="0" timestamp="2020-05-26T22:32:37 IST" time="0.019" errors="0">
  <testcase name="iOSApps" time="0.018" classname="qaclickacademy.AppiumTest"/>
  <system-out/>
  <testcase name="nativeAppAndroid" time="0.001" classname="qaclickacademy.AppiumTest"/>
  <system-out/>
</testsuite> <!-- qaclickacademy.AppiumTest -->
