<?xml version="1.0" encoding="UTF-8"?>
<!-- Generated by org.testng.reporters.JUnitReportReporter -->
<testsuite skipped="0" hostname="hp-PC" name="qaclickacademy.SeleniumTest" tests="2" failures="0" timestamp="2020-05-26T22:32:37 IST" time="0.001" errors="0">
  <testcase name="Elements_UI_Automation" time="0.000" classname="qaclickacademy.SeleniumTest"/>
  <system-out/>
  <testcase name="Browser_Automation" time="0.001" classname="qaclickacademy.SeleniumTest"/>
  <system-out/>
</testsuite> <!-- qaclickacademy.SeleniumTest -->
